<?xml version="1.0" encoding="UTF-8"?>
<!-- Generated by org.testng.reporters.JUnitXMLReporter -->
<testsuite hostname="PRINHYLTPHP0077" ignored="0" name="Surefire test" tests="7" failures="0" timestamp="2020-01-09T12:16:46 IST" time="37.536" errors="0">
  <testcase name="checkCalendar" time="8.728" classname="com.ravi.AllTests"/>
  <testcase name="converterBasic" time="5.47" classname="com.ravi.AllTests"/>
  <testcase name="converterLink" time="5.909" classname="com.ravi.AllTests"/>
  <testcase name="converterSwap" time="6.737" classname="com.ravi.AllTests"/>
  <testcase name="localTime" time="3.021" classname="com.ravi.AllTests"/>
  <testcase name="timeTesting" time="1.448" classname="com.ravi.AllTests"/>
  <testcase name="timer" time="1.646" classname="com.ravi.AllTests"/>
</testsuite> <!-- Surefire test -->
