<?xml version="1.0" encoding="UTF-8"?>
<testsuite xmlns:xsi="http://www.w3.org/2001/XMLSchema-instance" xsi:noNamespaceSchemaLocation="https://maven.apache.org/surefire/maven-surefire-plugin/xsd/surefire-test-report.xsd" name="com.ravi.AllTests" time="37.966" tests="7" errors="0" skipped="0" failures="0">
  <properties>
[...]
</properties>
  <testcase name="checkCalendar" classname="com.ravi.AllTests" time="8.73"/>
  <testcase name="converterBasic" classname="com.ravi.AllTests" time="5.472"/>
  <testcase name="converterLink" classname="com.ravi.AllTests" time="5.908"/>
  <testcase name="converterSwap" classname="com.ravi.AllTests" time="6.738"/>
  <testcase name="localTime" classname="com.ravi.AllTests" time="3.022"/>
  <testcase name="timeTesting" classname="com.ravi.AllTests" time="1.449"/>
  <testcase name="timer" classname="com.ravi.AllTests" time="1.647"/>
</testsuite>